<?xml version="1.0" encoding="UTF-8"?>
<testng-results ignored="0" total="10" passed="10" failed="0" skipped="0">
  <reporter-output>
  </reporter-output>
  <suite started-at="2026-02-26T21:02:09 NOVT" name="Command line suite" finished-at="2026-02-26T21:02:09 NOVT" duration-ms="96">
    <groups>
    </groups>
    <test started-at="2026-02-26T21:02:09 NOVT" name="Command line test" finished-at="2026-02-26T21:02:09 NOVT" duration-ms="96">
      <class name="calculator.CalculatorTest">
        <test-method is-config="true" signature="setUp()[pri:0, instance:calculator.CalculatorTest@7cbd213e]" started-at="2026-02-26T21:02:09 NOVT" name="setUp" finished-at="2026-02-26T21:02:09 NOVT" duration-ms="12" status="PASS">
          <reporter-output>
          </reporter-output>
        </test-method> <!-- setUp -->
        <test-method signature="testAddition()[pri:0, instance:calculator.CalculatorTest@7cbd213e]" started-at="2026-02-26T21:02:09 NOVT" name="testAddition" finished-at="2026-02-26T21:02:09 NOVT" duration-ms="3" status="PASS">
          <reporter-output>
          </reporter-output>
        </test-method> <!-- testAddition -->
        <test-method is-config="true" signature="setUp()[pri:0, instance:calculator.CalculatorTest@7cbd213e]" started-at="2026-02-26T21:02:09 NOVT" name="setUp" finished-at="2026-02-26T21:02:09 NOVT" duration-ms="1" status="PASS">
          <reporter-output>
          </reporter-output>
        </test-method> <!-- setUp -->
        <test-method signature="testDefineAndPush()[pri:0, instance:calculator.CalculatorTest@7cbd213e]" started-at="2026-02-26T21:02:09 NOVT" name="testDefineAndPush" finished-at="2026-02-26T21:02:09 NOVT" duration-ms="1" status="PASS">
          <reporter-output>
          </reporter-output>
        </test-method> <!-- testDefineAndPush -->
        <test-method is-config="true" signature="setUp()[pri:0, instance:calculator.CalculatorTest@7cbd213e]" started-at="2026-02-26T21:02:09 NOVT" name="setUp" finished-at="2026-02-26T21:02:09 NOVT" duration-ms="1" status="PASS">
          <reporter-output>
          </reporter-output>
        </test-method> <!-- setUp -->
        <test-method signature="testDivision()[pri:0, instance:calculator.CalculatorTest@7cbd213e]" started-at="2026-02-26T21:02:09 NOVT" name="testDivision" finished-at="2026-02-26T21:02:09 NOVT" duration-ms="0" status="PASS">
          <reporter-output>
          </reporter-output>
        </test-method> <!-- testDivision -->
        <test-method signature="testDivisionByZero()[pri:0, instance:calculator.CalculatorTest@7cbd213e]" started-at="2026-02-26T21:02:09 NOVT" name="testDivisionByZero" finished-at="2026-02-26T21:02:09 NOVT" duration-ms="0" status="PASS">
          <reporter-output>
          </reporter-output>
        </test-method> <!-- testDivisionByZero -->
        <test-method is-config="true" signature="setUp()[pri:0, instance:calculator.CalculatorTest@7cbd213e]" started-at="2026-02-26T21:02:09 NOVT" name="setUp" finished-at="2026-02-26T21:02:09 NOVT" duration-ms="0" status="PASS">
          <reporter-output>
          </reporter-output>
        </test-method> <!-- setUp -->
        <test-method is-config="true" signature="setUp()[pri:0, instance:calculator.CalculatorTest@7cbd213e]" started-at="2026-02-26T21:02:09 NOVT" name="setUp" finished-at="2026-02-26T21:02:09 NOVT" duration-ms="1" status="PASS">
          <reporter-output>
          </reporter-output>
        </test-method> <!-- setUp -->
        <test-method signature="testFullScenario()[pri:0, instance:calculator.CalculatorTest@7cbd213e]" started-at="2026-02-26T21:02:09 NOVT" name="testFullScenario" finished-at="2026-02-26T21:02:09 NOVT" duration-ms="1" status="PASS">
          <reporter-output>
          </reporter-output>
        </test-method> <!-- testFullScenario -->
        <test-method signature="testMultiplication()[pri:0, instance:calculator.CalculatorTest@7cbd213e]" started-at="2026-02-26T21:02:09 NOVT" name="testMultiplication" finished-at="2026-02-26T21:02:09 NOVT" duration-ms="1" status="PASS">
          <reporter-output>
          </reporter-output>
        </test-method> <!-- testMultiplication -->
        <test-method is-config="true" signature="setUp()[pri:0, instance:calculator.CalculatorTest@7cbd213e]" started-at="2026-02-26T21:02:09 NOVT" name="setUp" finished-at="2026-02-26T21:02:09 NOVT" duration-ms="0" status="PASS">
          <reporter-output>
          </reporter-output>
        </test-method> <!-- setUp -->
        <test-method is-config="true" signature="setUp()[pri:0, instance:calculator.CalculatorTest@7cbd213e]" started-at="2026-02-26T21:02:09 NOVT" name="setUp" finished-at="2026-02-26T21:02:09 NOVT" duration-ms="1" status="PASS">
          <reporter-output>
          </reporter-output>
        </test-method> <!-- setUp -->
        <test-method signature="testPeekEmptyStack()[pri:0, instance:calculator.CalculatorTest@7cbd213e]" started-at="2026-02-26T21:02:09 NOVT" name="testPeekEmptyStack" finished-at="2026-02-26T21:02:09 NOVT" duration-ms="0" status="PASS">
          <reporter-output>
          </reporter-output>
        </test-method> <!-- testPeekEmptyStack -->
        <test-method signature="testPopEmptyStack()[pri:0, instance:calculator.CalculatorTest@7cbd213e]" started-at="2026-02-26T21:02:09 NOVT" name="testPopEmptyStack" finished-at="2026-02-26T21:02:09 NOVT" duration-ms="1" status="PASS">
          <reporter-output>
          </reporter-output>
        </test-method> <!-- testPopEmptyStack -->
        <test-method is-config="true" signature="setUp()[pri:0, instance:calculator.CalculatorTest@7cbd213e]" started-at="2026-02-26T21:02:09 NOVT" name="setUp" finished-at="2026-02-26T21:02:09 NOVT" duration-ms="0" status="PASS">
          <reporter-output>
          </reporter-output>
        </test-method> <!-- setUp -->
        <test-method is-config="true" signature="setUp()[pri:0, instance:calculator.CalculatorTest@7cbd213e]" started-at="2026-02-26T21:02:09 NOVT" name="setUp" finished-at="2026-02-26T21:02:09 NOVT" duration-ms="1" status="PASS">
          <reporter-output>
          </reporter-output>
        </test-method> <!-- setUp -->
        <test-method signature="testSQRT()[pri:0, instance:calculator.CalculatorTest@7cbd213e]" started-at="2026-02-26T21:02:09 NOVT" name="testSQRT" finished-at="2026-02-26T21:02:09 NOVT" duration-ms="0" status="PASS">
          <reporter-output>
          </reporter-output>
        </test-method> <!-- testSQRT -->
        <test-method is-config="true" signature="setUp()[pri:0, instance:calculator.CalculatorTest@7cbd213e]" started-at="2026-02-26T21:02:09 NOVT" name="setUp" finished-at="2026-02-26T21:02:09 NOVT" duration-ms="1" status="PASS">
          <reporter-output>
          </reporter-output>
        </test-method> <!-- setUp -->
        <test-method signature="testSubtraction()[pri:0, instance:calculator.CalculatorTest@7cbd213e]" started-at="2026-02-26T21:02:09 NOVT" name="testSubtraction" finished-at="2026-02-26T21:02:09 NOVT" duration-ms="1" status="PASS">
          <reporter-output>
          </reporter-output>
        </test-method> <!-- testSubtraction -->
      </class> <!-- calculator.CalculatorTest -->
    </test> <!-- Command line test -->
  </suite> <!-- Command line suite -->
</testng-results>
