<?xml version="1.0" encoding="UTF-8"?>
<!-- Generated by org.testng.reporters.JUnitReportReporter -->
<testsuite hostname="admin" failures="0" tests="10" name="calculator.CalculatorTest" time="0.026" errors="0" timestamp="2026-02-26T21:02:09 NOVT" skipped="0">
  <testcase classname="calculator.CalculatorTest" name="testDivisionByZero" time="0.000"/>
  <testcase classname="calculator.CalculatorTest" name="testSubtraction" time="0.002"/>
  <testcase classname="calculator.CalculatorTest" name="testFullScenario" time="0.002"/>
  <testcase classname="calculator.CalculatorTest" name="testDefineAndPush" time="0.002"/>
  <testcase classname="calculator.CalculatorTest" name="testMultiplication" time="0.001"/>
  <testcase classname="calculator.CalculatorTest" name="testSQRT" time="0.000"/>
  <testcase classname="calculator.CalculatorTest" name="testDivision" time="0.001"/>
  <testcase classname="calculator.CalculatorTest" name="testPopEmptyStack" time="0.002"/>
  <testcase classname="calculator.CalculatorTest" name="testPeekEmptyStack" time="0.012"/>
  <testcase classname="calculator.CalculatorTest" name="testAddition" time="0.004"/>
</testsuite> <!-- calculator.CalculatorTest -->
