<?xml version="1.0" encoding="UTF-8"?>
<!-- Generated by org.testng.reporters.JUnitReportReporter -->
<testsuite hostname="admin" failures="0" tests="11" name="calculator.CalculatorTest" time="0.088" errors="1" timestamp="2026-02-27T14:57:53 NOVT" skipped="0">
  <testcase classname="calculator.CalculatorTest" name="testAddition" time="0.004"/>
  <testcase classname="calculator.CalculatorTest" name="testDivision" time="0.002"/>
  <testcase classname="calculator.CalculatorTest" name="testSubtraction" time="0.001"/>
  <testcase classname="calculator.CalculatorTest" name="testFullScenario" time="0.002"/>
  <testcase classname="calculator.CalculatorTest" name="testDefineAndPush" time="0.001"/>
  <testcase classname="calculator.CalculatorTest" name="testUnknownCommand" time="0.057"/>
  <testcase classname="calculator.CalculatorTest" name="testPopEmptyStack" time="0.001"/>
  <testcase classname="calculator.CalculatorTest" name="testSQRT" time="0.001"/>
  <testcase classname="calculator.CalculatorTest" name="testDivisionByZero" time="0.014">
    <error message="Division by zero" type="java.lang.IllegalArgumentException">
      <![CDATA[java.lang.IllegalArgumentException: Division by zero
at calculator.command.Div.execute(Div.java:24)
at calculator.CalculatorTest.testDivisionByZero(CalculatorTest.java:66)
at java.base/jdk.internal.reflect.DirectMethodHandleAccessor.invoke(DirectMethodHandleAccessor.java:103)
at java.base/java.lang.reflect.Method.invoke(Method.java:580)
at org.testng.internal.invokers.MethodInvocationHelper.invokeMethod(MethodInvocationHelper.java:139)
at org.testng.internal.invokers.TestInvoker.invokeMethod(TestInvoker.java:664)
at org.testng.internal.invokers.TestInvoker.invokeTestMethod(TestInvoker.java:227)
at org.testng.internal.invokers.MethodRunner.runInSequence(MethodRunner.java:50)
at org.testng.internal.invokers.TestInvoker$MethodInvocationAgent.invoke(TestInvoker.java:957)
at org.testng.internal.invokers.TestInvoker.invokeTestMethods(TestInvoker.java:200)
at org.testng.internal.invokers.TestMethodWorker.invokeTestMethods(TestMethodWorker.java:148)
at org.testng.internal.invokers.TestMethodWorker.run(TestMethodWorker.java:128)
at java.base/java.util.ArrayList.forEach(ArrayList.java:1596)
at org.testng.TestRunner.privateRun(TestRunner.java:848)
at org.testng.TestRunner.run(TestRunner.java:621)
at org.testng.SuiteRunner.runTest(SuiteRunner.java:443)
at org.testng.SuiteRunner.runSequentially(SuiteRunner.java:437)
at org.testng.SuiteRunner.privateRun(SuiteRunner.java:397)
at org.testng.SuiteRunner.run(SuiteRunner.java:336)
at org.testng.SuiteRunnerWorker.runSuite(SuiteRunnerWorker.java:52)
at org.testng.SuiteRunnerWorker.run(SuiteRunnerWorker.java:95)
at org.testng.TestNG.runSuitesSequentially(TestNG.java:1280)
at org.testng.TestNG.runSuitesLocally(TestNG.java:1200)
at org.testng.TestNG.runSuites(TestNG.java:1114)
at org.testng.TestNG.run(TestNG.java:1082)
at org.testng.TestNG.privateMain(TestNG.java:1440)
at org.testng.TestNG.main(TestNG.java:1404)
]]>
    </error>
  </testcase> <!-- testDivisionByZero -->
  <testcase classname="calculator.CalculatorTest" name="testMultiplication" time="0.003"/>
  <testcase classname="calculator.CalculatorTest" name="testPeekEmptyStack" time="0.002"/>
</testsuite> <!-- calculator.CalculatorTest -->
