<?xml version="1.0" encoding="UTF-8"?>
<!-- Generated by org.testng.reporters.JUnitXMLReporter -->
<testsuite ignored="0" hostname="admin" failures="0" tests="10" name="Command line test" time="0.096" errors="0" timestamp="2026-02-26T21:02:09 NOVT">
  <testcase classname="calculator.CalculatorTest" name="testAddition" time="0.003"/>
  <testcase classname="calculator.CalculatorTest" name="testDefineAndPush" time="0.001"/>
  <testcase classname="calculator.CalculatorTest" name="testDivision" time="0.0"/>
  <testcase classname="calculator.CalculatorTest" name="testDivisionByZero" time="0.0"/>
  <testcase classname="calculator.CalculatorTest" name="testFullScenario" time="0.001"/>
  <testcase classname="calculator.CalculatorTest" name="testMultiplication" time="0.001"/>
  <testcase classname="calculator.CalculatorTest" name="testPeekEmptyStack" time="0.0"/>
  <testcase classname="calculator.CalculatorTest" name="testPopEmptyStack" time="0.001"/>
  <testcase classname="calculator.CalculatorTest" name="testSQRT" time="0.0"/>
  <testcase classname="calculator.CalculatorTest" name="testSubtraction" time="0.001"/>
</testsuite> <!-- Command line test -->
