<?xml version="1.0" encoding="UTF-8"?>
<!-- Generated by org.testng.reporters.JUnitXMLReporter -->
<testsuite ignored="0" hostname="admin" failures="1" tests="11" name="Command line test" time="0.156" errors="0" timestamp="2026-02-27T14:57:53 NOVT">
  <testcase classname="calculator.CalculatorTest" name="testAddition" time="0.004"/>
  <testcase classname="calculator.CalculatorTest" name="testDefineAndPush" time="0.001"/>
  <testcase classname="calculator.CalculatorTest" name="testDivision" time="0.002"/>
  <testcase classname="calculator.CalculatorTest" name="testDivisionByZero" time="0.001">
    <failure type="java.lang.IllegalArgumentException" message="Division by zero">
      <![CDATA[java.lang.IllegalArgumentException: Division by zero
at calculator.command.Div.execute(Div.java:24)
at calculator.CalculatorTest.testDivisionByZero(CalculatorTest.java:66)
at java.base/java.util.ArrayList.forEach(ArrayList.java:1596)
... Removed 24 stack frames]]>
    </failure>
  </testcase> <!-- testDivisionByZero -->
  <testcase classname="calculator.CalculatorTest" name="testFullScenario" time="0.001"/>
  <testcase classname="calculator.CalculatorTest" name="testMultiplication" time="0.002"/>
  <testcase classname="calculator.CalculatorTest" name="testPeekEmptyStack" time="0.001"/>
  <testcase classname="calculator.CalculatorTest" name="testPopEmptyStack" time="0.001"/>
  <testcase classname="calculator.CalculatorTest" name="testSQRT" time="0.001"/>
  <testcase classname="calculator.CalculatorTest" name="testSubtraction" time="0.001"/>
  <testcase classname="calculator.CalculatorTest" name="testUnknownCommand" time="0.056"/>
</testsuite> <!-- Command line test -->
